01:43:18 [INF][      Workbench]: Starting up Workbench
01:43:18 [INF][   WBContext UI]: Initializing workbench context UI with these values:
	base dir: /Applications/MySQLWorkbench.app/Contents/Resources
	plugin path: /Applications/MySQLWorkbench.app/Contents/PlugIns
	struct path: /Applications/MySQLWorkbench.app/Contents/Resources/grt
	module path: /Applications/MySQLWorkbench.app/Contents/PlugIns:/Applications/MySQLWorkbench.app/Contents/Resources/plugins
	library path: /Applications/MySQLWorkbench.app/Contents/Resources/libraries
	user data dir: /Users/admin/Library/Application Support/MySQL/Workbench
	open at start: 
	open type: 
	run at startup: 
	run type: 
	Force SW rendering: No
	Force OpenGL: No
	quit when done: No
01:43:18 [INF][      WBContext]: WbContext::init
01:43:19 [INF][            WBA]: Looking for extension modules for WBA...
01:43:19 [INF][            WBA]: 0 extension modules found
01:43:20 [WRN][            grt]: /Users/admin/Library/Application Support/MySQL/Workbench/connections.xml:17: link '4E1BD1FE-DFF5-4418-8FBF-F92B9A402E1B' <object GrtObject> key=owner could not be resolved
01:43:20 [INF][      WBContext]: System info:
 	MySQL Workbench Community (GPL) for Mac OS X version 6.3.9 CE build 10690321 (64 bit)
	Configuration Directory: /Users/admin/Library/Application Support/MySQL/Workbench
	Data Directory: /Applications/MySQLWorkbench.app/Contents/Resources
	Cairo Version: 1.10.2
	OS: OS X 10.11.x El Capitan x86_64
	CPU: 4x Intel(R) Core(TM) i5-3210M CPU @ 2.50GHz - 8.00GiB RAM
No video adapter info available

01:43:22 [INF][SQL Editor Form]: Opened connection 'My201SQL' to MySQL Community Server (GPL) version 5.7.20
01:47:12 [INF][  column_widths]: Initializing column width cache for unconnected
02:01:40 [INF][      Workbench]: Shutting down Workbench
02:01:40 [INF][      Workbench]: Workbench shutdown done
