16:24:30 [INF][      Workbench]: Starting up Workbench
16:24:30 [INF][   WBContext UI]: Initializing workbench context UI with these values:
	base dir: /Applications/MySQLWorkbench.app/Contents/Resources
	plugin path: /Applications/MySQLWorkbench.app/Contents/PlugIns
	struct path: /Applications/MySQLWorkbench.app/Contents/Resources/grt
	module path: /Applications/MySQLWorkbench.app/Contents/PlugIns:/Applications/MySQLWorkbench.app/Contents/Resources/plugins
	library path: /Applications/MySQLWorkbench.app/Contents/Resources/libraries
	user data dir: /Users/admin/Library/Application Support/MySQL/Workbench
	open at start: 
	open type: 
	run at startup: 
	run type: 
	Force SW rendering: No
	Force OpenGL: No
	quit when done: No
16:24:30 [INF][      WBContext]: WbContext::init
16:24:33 [INF][            WBA]: Looking for extension modules for WBA...
16:24:33 [INF][            WBA]: 0 extension modules found
16:24:33 [WRN][            grt]: /Users/admin/Library/Application Support/MySQL/Workbench/connections.xml:17: link 'C954F2FB-351F-4EFB-AD44-AD912ADCFD31' <object GrtObject> key=owner could not be resolved
16:24:33 [INF][      WBContext]: System info:
 	MySQL Workbench Community (GPL) for Mac OS X version 6.3.9 CE build 10690321 (64 bit)
	Configuration Directory: /Users/admin/Library/Application Support/MySQL/Workbench
	Data Directory: /Applications/MySQLWorkbench.app/Contents/Resources
	Cairo Version: 1.10.2
	OS: OS X 10.11.x El Capitan x86_64
	CPU: 4x Intel(R) Core(TM) i5-3210M CPU @ 2.50GHz - 8.00GiB RAM
No video adapter info available

16:24:37 [INF][SQL Editor Form]: Opened connection 'My201SQL' to MySQL Community Server (GPL) version 5.7.20
22:35:32 [WRN][  TableEditorBE]: VARCHAR() is not a valid column typeVARCHAR() is not a valid column typeVARCHAR() is not a valid column typeCreating stub schema and table rmchakra_201_site.assignments for foreign key
23:49:56 [ERR][  GRTDispatcher]: exception in grt execute_task, continuing: Exception: There was an error while applying the SQL script to the database.
23:49:56 [ERR][  GRTDispatcher]: worker: task 'wizard task' has failed with error:.There was an error while applying the SQL script to the database.
23:50:07 [ERR][SQL Editor Form]: Error 1215: Cannot add foreign key constraint
SQL Statement:

ALTER TABLE `rmchakra_201_site`.`assignmentFiles` 
ADD CONSTRAINT `n`
  FOREIGN KEY (`number`)
  REFERENCES `rmchakra_201_site`.`assignments` (`number`)
  ON DELETE NO ACTION
  ON UPDATE NO ACTION


23:51:28 [ERR][SQL Editor Form]: 
23:52:47 [ERR][SQL Editor Form]: 
23:53:06 [ERR][SQL Editor Form]: 
01:43:12 [INF][      Workbench]: Shutting down Workbench
01:43:13 [INF][      Workbench]: Workbench shutdown done
