15:49:24 [INF][      Workbench]: Starting up Workbench
15:49:24 [INF][   WBContext UI]: Initializing workbench context UI with these values:
	base dir: /Applications/MySQLWorkbench.app/Contents/Resources
	plugin path: /Applications/MySQLWorkbench.app/Contents/PlugIns
	struct path: /Applications/MySQLWorkbench.app/Contents/Resources/grt
	module path: /Applications/MySQLWorkbench.app/Contents/PlugIns:/Applications/MySQLWorkbench.app/Contents/Resources/plugins
	library path: /Applications/MySQLWorkbench.app/Contents/Resources/libraries
	user data dir: /Users/admin/Library/Application Support/MySQL/Workbench
	open at start: 
	open type: 
	run at startup: 
	run type: 
	Force SW rendering: No
	Force OpenGL: No
	quit when done: No
15:49:24 [INF][      WBContext]: WbContext::init
15:49:29 [INF][            WBA]: Looking for extension modules for WBA...
15:49:29 [INF][            WBA]: 0 extension modules found
15:49:30 [WRN][            grt]: /Users/admin/Library/Application Support/MySQL/Workbench/connections.xml:17: link 'B7ED30B9-433C-4E9B-9988-02C179F2118A' <object GrtObject> key=owner could not be resolved
15:49:30 [INF][      WBContext]: System info:
 	MySQL Workbench Community (GPL) for Mac OS X version 6.3.9 CE build 10690321 (64 bit)
	Configuration Directory: /Users/admin/Library/Application Support/MySQL/Workbench
	Data Directory: /Applications/MySQLWorkbench.app/Contents/Resources
	Cairo Version: 1.10.2
	OS: OS X 10.11.x El Capitan x86_64
	CPU: 4x Intel(R) Core(TM) i5-3210M CPU @ 2.50GHz - 8.00GiB RAM
No video adapter info available

15:49:36 [INF][SQL Editor Form]: Opened connection 'My201SQL' to MySQL Community Server (GPL) version 5.7.20
16:03:24 [WRN][  TableEditorBE]: VARCHAR() is not a valid column typeVARCHAR() is not a valid column typeVARCHAR() is not a valid column typeVARCHAR() is not a valid column type